0 info it worked if it ends with ok
1 verbose cli [ '/usr/local/bin/node',
1 verbose cli   '/usr/local/bin/npm',
1 verbose cli   'install',
1 verbose cli   '-g',
1 verbose cli   'bower' ]
2 info using npm@3.3.12
3 info using node@v5.5.0
4 silly loadCurrentTree Starting
5 silly install loadCurrentTree
6 silly install readGlobalPackageData
7 silly fetchPackageMetaData bower
8 silly fetchNamedPackageData bower
9 silly mapToRegistry name bower
10 silly mapToRegistry using default registry
11 silly mapToRegistry registry https://registry.npmjs.org/
12 silly mapToRegistry uri https://registry.npmjs.org/bower
13 verbose request uri https://registry.npmjs.org/bower
14 verbose request no auth needed
15 info attempt registry request try #1 at 4:26:55 PM
16 verbose request id 8cfc531af3a8de97
17 verbose etag "14B845FBZFY27MAE6K6ZDJ4P7"
18 http request GET https://registry.npmjs.org/bower
19 http 200 https://registry.npmjs.org/bower
20 verbose headers { server: 'nginx/1.10.1',
20 verbose headers   'content-type': 'application/json',
20 verbose headers   'last-modified': 'Sat, 11 Feb 2017 19:06:26 GMT',
20 verbose headers   etag: 'W/"589f60b2-2ae1a"',
20 verbose headers   'content-encoding': 'gzip',
20 verbose headers   'cache-control': 'max-age=300',
20 verbose headers   'content-length': '16520',
20 verbose headers   'accept-ranges': 'bytes',
20 verbose headers   date: 'Sun, 12 Feb 2017 00:26:56 GMT',
20 verbose headers   via: '1.1 varnish',
20 verbose headers   age: '218',
20 verbose headers   connection: 'keep-alive',
20 verbose headers   'x-served-by': 'cache-lax8620-LAX',
20 verbose headers   'x-cache': 'HIT',
20 verbose headers   'x-cache-hits': '2',
20 verbose headers   'x-timer': 'S1486859216.132459,VS0,VE0',
20 verbose headers   vary: 'Accept-Encoding' }
21 silly get cb [ 200,
21 silly get   { server: 'nginx/1.10.1',
21 silly get     'content-type': 'application/json',
21 silly get     'last-modified': 'Sat, 11 Feb 2017 19:06:26 GMT',
21 silly get     etag: 'W/"589f60b2-2ae1a"',
21 silly get     'content-encoding': 'gzip',
21 silly get     'cache-control': 'max-age=300',
21 silly get     'content-length': '16520',
21 silly get     'accept-ranges': 'bytes',
21 silly get     date: 'Sun, 12 Feb 2017 00:26:56 GMT',
21 silly get     via: '1.1 varnish',
21 silly get     age: '218',
21 silly get     connection: 'keep-alive',
21 silly get     'x-served-by': 'cache-lax8620-LAX',
21 silly get     'x-cache': 'HIT',
21 silly get     'x-cache-hits': '2',
21 silly get     'x-timer': 'S1486859216.132459,VS0,VE0',
21 silly get     vary: 'Accept-Encoding' } ]
22 verbose get saving bower to /Users/AbhayVarshney/.npm/registry.npmjs.org/bower/.cache.json
23 silly install normalizeTree
24 silly loadCurrentTree Finishing
25 silly loadIdealTree Starting
26 silly install loadIdealTree
27 silly cloneCurrentTree Starting
28 silly install cloneCurrentTreeToIdealTree
29 silly cloneCurrentTree Finishing
30 silly loadShrinkwrap Starting
31 silly install loadShrinkwrap
32 silly loadShrinkwrap Finishing
33 silly loadAllDepsIntoIdealTree Starting
34 silly install loadAllDepsIntoIdealTree
35 silly resolveWithNewModule bower@1.8.0 checking installable status
36 silly cache add args [ 'bower', null ]
37 verbose cache add spec bower
38 silly cache add parsed spec Result {
38 silly cache add   raw: 'bower',
38 silly cache add   scope: null,
38 silly cache add   name: 'bower',
38 silly cache add   rawSpec: '',
38 silly cache add   spec: '*',
38 silly cache add   type: 'range' }
39 silly addNamed bower@*
40 verbose addNamed "*" is a valid semver range for bower
41 silly addNameRange { name: 'bower', range: '*', hasData: false }
42 silly mapToRegistry name bower
43 silly mapToRegistry using default registry
44 silly mapToRegistry registry https://registry.npmjs.org/
45 silly mapToRegistry uri https://registry.npmjs.org/bower
46 verbose addNameRange registry:https://registry.npmjs.org/bower not in flight; fetching
47 verbose get https://registry.npmjs.org/bower not expired, no request
48 silly addNameRange number 2 { name: 'bower', range: '*', hasData: true }
49 silly addNameRange versions [ 'bower',
49 silly addNameRange   [ '0.1.0',
49 silly addNameRange     '0.1.2',
49 silly addNameRange     '0.1.3',
49 silly addNameRange     '0.2.0',
49 silly addNameRange     '0.3.0',
49 silly addNameRange     '0.3.1',
49 silly addNameRange     '0.3.2',
49 silly addNameRange     '0.4.0',
49 silly addNameRange     '0.5.0',
49 silly addNameRange     '0.5.1',
49 silly addNameRange     '0.6.0',
49 silly addNameRange     '0.6.1',
49 silly addNameRange     '0.6.2',
49 silly addNameRange     '0.6.3',
49 silly addNameRange     '0.6.4',
49 silly addNameRange     '0.6.5',
49 silly addNameRange     '0.6.6',
49 silly addNameRange     '0.6.7',
49 silly addNameRange     '0.6.8',
49 silly addNameRange     '0.7.0',
49 silly addNameRange     '0.7.1',
49 silly addNameRange     '0.8.0',
49 silly addNameRange     '0.8.1',
49 silly addNameRange     '0.8.2',
49 silly addNameRange     '0.8.3',
49 silly addNameRange     '0.8.4',
49 silly addNameRange     '0.8.5',
49 silly addNameRange     '0.8.6',
49 silly addNameRange     '0.9.0',
49 silly addNameRange     '0.9.1',
49 silly addNameRange     '0.9.2',
49 silly addNameRange     '0.10.0',
49 silly addNameRange     '1.0.0',
49 silly addNameRange     '1.0.1',
49 silly addNameRange     '1.0.2',
49 silly addNameRange     '1.0.3',
49 silly addNameRange     '1.1.0',
49 silly addNameRange     '1.1.1',
49 silly addNameRange     '1.1.2',
49 silly addNameRange     '1.2.0',
49 silly addNameRange     '1.2.1',
49 silly addNameRange     '1.2.2',
49 silly addNameRange     '1.2.3',
49 silly addNameRange     '1.2.4',
49 silly addNameRange     '1.2.5',
49 silly addNameRange     '1.2.6',
49 silly addNameRange     '1.2.7',
49 silly addNameRange     '1.2.8',
49 silly addNameRange     '1.3.0',
49 silly addNameRange     '1.3.1',
49 silly addNameRange     '1.3.2',
49 silly addNameRange     '1.3.3',
49 silly addNameRange     '1.3.4',
49 silly addNameRange     '1.3.5',
49 silly addNameRange     '1.3.6',
49 silly addNameRange     '1.3.7',
49 silly addNameRange     '1.3.8',
49 silly addNameRange     '1.3.9',
49 silly addNameRange     '1.3.10',
49 silly addNameRange     '1.3.11',
49 silly addNameRange     '1.3.12',
49 silly addNameRange     '1.4.0',
49 silly addNameRange     '1.4.1',
49 silly addNameRange     '1.5.0',
49 silly addNameRange     '1.5.1',
49 silly addNameRange     '1.5.2',
49 silly addNameRange     '1.5.3',
49 silly addNameRange     '1.6.2',
49 silly addNameRange     '1.6.3',
49 silly addNameRange     '1.6.4',
49 silly addNameRange     '1.6.5',
49 silly addNameRange     '1.5.4',
49 silly addNameRange     '1.4.2',
49 silly addNameRange     '1.6.6',
49 silly addNameRange     '1.6.7',
49 silly addNameRange     '1.6.8',
49 silly addNameRange     '1.6.9',
49 silly addNameRange     '1.7.0',
49 silly addNameRange     '1.7.1',
49 silly addNameRange     '1.7.2',
49 silly addNameRange     '1.7.5',
49 silly addNameRange     '1.7.6',
49 silly addNameRange     '1.7.7',
49 silly addNameRange     '1.7.8',
49 silly addNameRange     '1.7.9',
49 silly addNameRange     '1.8.0' ] ]
50 silly addNamed bower@1.8.0
51 verbose addNamed "1.8.0" is a plain semver version for bower
52 silly mapToRegistry name bower
53 silly mapToRegistry using default registry
54 silly mapToRegistry registry https://registry.npmjs.org/
55 silly mapToRegistry uri https://registry.npmjs.org/bower
56 verbose addRemoteTarball https://registry.npmjs.org/bower/-/bower-1.8.0.tgz not in flight; adding
57 verbose addRemoteTarball [ 'https://registry.npmjs.org/bower/-/bower-1.8.0.tgz',
57 verbose addRemoteTarball   '55dbebef0ad9155382d9e9d3e497c1372345b44a' ]
58 info retry fetch attempt 1 at 4:26:56 PM
59 info attempt registry request try #1 at 4:26:56 PM
60 http fetch GET https://registry.npmjs.org/bower/-/bower-1.8.0.tgz
61 http fetch 200 https://registry.npmjs.org/bower/-/bower-1.8.0.tgz
62 silly fetchAndShaCheck shasum 55dbebef0ad9155382d9e9d3e497c1372345b44a
63 verbose addTmpTarball /var/folders/2k/m823rrrx0390gw72g0hs2j280000gn/T/npm-39300-3b970d67/registry.npmjs.org/bower/-/bower-1.8.0.tgz not in flight; adding
64 verbose addTmpTarball already have metadata; skipping unpack for bower@1.8.0
65 silly cache afterAdd bower@1.8.0
66 verbose afterAdd /Users/AbhayVarshney/.npm/bower/1.8.0/package/package.json not in flight; writing
67 verbose afterAdd /Users/AbhayVarshney/.npm/bower/1.8.0/package/package.json written
68 silly loadAllDepsIntoIdealTree Finishing
69 silly idealTree:prePrune lib
69 silly idealTree:prePrune └── bower@1.8.0
70 silly loadIdealTree Finishing
71 silly currentTree lib
72 silly idealTree lib
72 silly idealTree └── bower@1.8.0
73 silly generateActionsToTake Starting
74 silly install generateActionsToTake
75 warn checkPermissions Missing write access to /usr/local/lib/node_modules
76 silly rollbackFailedOptional Starting
77 silly rollbackFailedOptional Finishing
78 silly runTopLevelLifecycles Starting
79 silly runTopLevelLifecycles Finishing
80 silly install printInstalled
81 verbose stack Error: EACCES: permission denied, access '/usr/local/lib/node_modules'
81 verbose stack     at Error (native)
82 verbose cwd /Users/AbhayVarshney/Documents/project-sage.github.io
83 error Darwin 16.1.0
84 error argv "/usr/local/bin/node" "/usr/local/bin/npm" "install" "-g" "bower"
85 error node v5.5.0
86 error npm  v3.3.12
87 error path /usr/local/lib/node_modules
88 error code EACCES
89 error errno -13
90 error syscall access
91 error Error: EACCES: permission denied, access '/usr/local/lib/node_modules'
91 error     at Error (native)
91 error  { [Error: EACCES: permission denied, access '/usr/local/lib/node_modules']
91 error   errno: -13,
91 error   code: 'EACCES',
91 error   syscall: 'access',
91 error   path: '/usr/local/lib/node_modules' }
92 error Please try running this command again as root/Administrator.
93 verbose exit [ -13, true ]
